  InGame.cpp
C:\Users\jack9\Programing Files\game-jam\GameJam\GameJam\Vector2.h(25,13): warning C4244: 'return': 'double'에서 'float'(으)로 변환하면서 데이터가 손실될 수 있습니다.
  (소스 파일 'InGame.cpp'을(를) 컴파일하는 중)
  
C:\Users\jack9\Programing Files\game-jam\GameJam\GameJam\InGame.cpp(19,57): warning C4267: '인수': 'size_t'에서 'int'(으)로 변환하면서 데이터가 손실될 수 있습니다.
C:\Users\jack9\Programing Files\game-jam\GameJam\GameJam\InGame.cpp(36,57): warning C4267: '인수': 'size_t'에서 'int'(으)로 변환하면서 데이터가 손실될 수 있습니다.
C:\Users\jack9\Programing Files\game-jam\GameJam\GameJam\InGame.cpp(41,58): warning C4267: '인수': 'size_t'에서 'int'(으)로 변환하면서 데이터가 손실될 수 있습니다.
  NPC.cpp
C:\Users\jack9\Programing Files\game-jam\GameJam\GameJam\Vector2.h(25,13): warning C4244: 'return': 'double'에서 'float'(으)로 변환하면서 데이터가 손실될 수 있습니다.
  (소스 파일 'NPC.cpp'을(를) 컴파일하는 중)
  
C:\Users\jack9\Programing Files\game-jam\GameJam\GameJam\NPC.cpp(33,72): warning C4244: '=': 'int'에서 'float'(으)로 변환하면서 데이터가 손실될 수 있습니다.
C:\Users\jack9\Programing Files\game-jam\GameJam\GameJam\NPC.cpp(34,72): warning C4244: '=': 'int'에서 'float'(으)로 변환하면서 데이터가 손실될 수 있습니다.
C:\Users\jack9\Programing Files\game-jam\GameJam\GameJam\NPC.cpp(54,70): warning C4838: 'int'에서 'float'(으)로의 변환에는 축소 변환이 필요합니다.
C:\Users\jack9\Programing Files\game-jam\GameJam\GameJam\NPC.cpp(54,70): warning C4244: '초기화 중': 'int'에서 'float'(으)로 변환하면서 데이터가 손실될 수 있습니다.
C:\Users\jack9\Programing Files\game-jam\GameJam\GameJam\NPC.cpp(54,123): warning C4838: 'int'에서 'float'(으)로의 변환에는 축소 변환이 필요합니다.
C:\Users\jack9\Programing Files\game-jam\GameJam\GameJam\NPC.cpp(54,123): warning C4244: '초기화 중': 'int'에서 'float'(으)로 변환하면서 데이터가 손실될 수 있습니다.
C:\Users\jack9\Programing Files\game-jam\GameJam\GameJam\NPC.cpp(57,23): warning C4244: '+=': 'double'에서 'float'(으)로 변환하면서 데이터가 손실될 수 있습니다.
C:\Users\jack9\Programing Files\game-jam\GameJam\GameJam\NPC.cpp(59,23): warning C4244: '-=': 'double'에서 'float'(으)로 변환하면서 데이터가 손실될 수 있습니다.
C:\Users\jack9\Programing Files\game-jam\GameJam\GameJam\NPC.cpp(61,23): warning C4244: '+=': 'double'에서 'float'(으)로 변환하면서 데이터가 손실될 수 있습니다.
C:\Users\jack9\Programing Files\game-jam\GameJam\GameJam\NPC.cpp(63,23): warning C4244: '-=': 'double'에서 'float'(으)로 변환하면서 데이터가 손실될 수 있습니다.
  main.cpp
C:\Users\jack9\Programing Files\game-jam\GameJam\GameJam\Vector2.h(25,13): warning C4244: 'return': 'double'에서 'float'(으)로 변환하면서 데이터가 손실될 수 있습니다.
  (소스 파일 'main.cpp'을(를) 컴파일하는 중)
  
  코드를 생성하고 있습니다.
  2 of 625 functions ( 0.3%) were compiled, the rest were copied from previous compilation.
    0 functions were new in current compilation
    3 functions had inline decision re-evaluated but remain unchanged
  코드를 생성했습니다.
  GameJam.vcxproj -> C:\Users\jack9\Programing Files\game-jam\GameJam\x64\Release\GameJam.exe
  'pwsh.exe'은(는) 내부 또는 외부 명령, 실행할 수 있는 프로그램, 또는
  배치 파일이 아닙니다.
